Compiling the C compiler identification source file "CMakeCCompilerId.c" failed.
Compiler: /usr/bin/x86_64-elf-gcc 
Build flags: 
Id flags:  

The output was:
1
/usr/bin/x86_64-elf-ld: cannot find crt0.o: No such file or directory
/usr/bin/x86_64-elf-ld: cannot find -lc: No such file or directory
collect2: error: ld returned 1 exit status


Detecting C compiler ABI info failed to compile with the following output:
Change Dir: /home/espi/Documents/ROOT/cmake-build-debug/CMakeFiles/CMakeTmp

Run Build Command(s):make -f Makefile cmTC_ebf46/fast && make  -f CMakeFiles/cmTC_ebf46.dir/build.make CMakeFiles/cmTC_ebf46.dir/build
make[1]: Entering directory '/home/espi/Documents/ROOT/cmake-build-debug/CMakeFiles/CMakeTmp'
Building C object CMakeFiles/cmTC_ebf46.dir/CMakeCCompilerABI.c.o
/usr/bin/x86_64-elf-gcc   -fdiagnostics-color=always   -v -o CMakeFiles/cmTC_ebf46.dir/CMakeCCompilerABI.c.o -c /usr/share/cmake/Modules/CMakeCCompilerABI.c
Using built-in specs.
COLLECT_GCC=/usr/bin/x86_64-elf-gcc
Target: x86_64-elf
Configured with: /home/espi/.cache/yay/x86_64-elf-gcc/src/gcc-12.2.0/configure --prefix=/usr --disable-nls --disable-plugin --target=x86_64-elf --libexecdir=/usr/lib --enable-languages=c,c++ --without-headers --with-bugurl=https://aur.archlinux.org/packages/x86_64-elf-gcc/
Thread model: single
Supported LTO compression algorithms: zlib zstd
gcc version 12.2.0 (GCC) 
COLLECT_GCC_OPTIONS='-fdiagnostics-color=always' '-v' '-o' 'CMakeFiles/cmTC_ebf46.dir/CMakeCCompilerABI.c.o' '-c' '-mtune=generic' '-march=x86-64' '-dumpdir' 'CMakeFiles/cmTC_ebf46.dir/'
 /usr/lib/gcc/x86_64-elf/12.2.0/cc1 -quiet -v /usr/share/cmake/Modules/CMakeCCompilerABI.c -quiet -dumpdir CMakeFiles/cmTC_ebf46.dir/ -dumpbase CMakeCCompilerABI.c.c -dumpbase-ext .c -mtune=generic -march=x86-64 -version -fdiagnostics-color=always -o /tmp/ccuIyPcm.s
GNU C17 (GCC) version 12.2.0 (x86_64-elf)
	compiled by GNU C version 12.2.0, GMP version 6.2.1, MPFR version 4.1.0-p13, MPC version 1.2.1, isl version isl-0.25-GMP

GGC heuristics: --param ggc-min-expand=100 --param ggc-min-heapsize=131072
ignoring nonexistent directory "/usr/lib/gcc/x86_64-elf/12.2.0/../../../../x86_64-elf/sys-include"
ignoring nonexistent directory "/usr/lib/gcc/x86_64-elf/12.2.0/../../../../x86_64-elf/include"
#include "..." search starts here:
#include <...> search starts here:
 /usr/lib/gcc/x86_64-elf/12.2.0/include
 /usr/lib/gcc/x86_64-elf/12.2.0/include-fixed
End of search list.
GNU C17 (GCC) version 12.2.0 (x86_64-elf)
	compiled by GNU C version 12.2.0, GMP version 6.2.1, MPFR version 4.1.0-p13, MPC version 1.2.1, isl version isl-0.25-GMP

GGC heuristics: --param ggc-min-expand=100 --param ggc-min-heapsize=131072
Compiler executable checksum: edc8dacf14c22b12c7ba12199e59c197
COLLECT_GCC_OPTIONS='-fdiagnostics-color=always' '-v' '-o' 'CMakeFiles/cmTC_ebf46.dir/CMakeCCompilerABI.c.o' '-c' '-mtune=generic' '-march=x86-64' '-dumpdir' 'CMakeFiles/cmTC_ebf46.dir/'
 as -o CMakeFiles/cmTC_ebf46.dir/CMakeCCompilerABI.c.o /tmp/ccuIyPcm.s
COMPILER_PATH=/usr/lib/gcc/x86_64-elf/12.2.0/:/usr/lib/gcc/x86_64-elf/12.2.0/:/usr/lib/gcc/x86_64-elf/:/usr/lib/gcc/x86_64-elf/12.2.0/:/usr/lib/gcc/x86_64-elf/
LIBRARY_PATH=/usr/lib/gcc/x86_64-elf/12.2.0/
COLLECT_GCC_OPTIONS='-fdiagnostics-color=always' '-v' '-o' 'CMakeFiles/cmTC_ebf46.dir/CMakeCCompilerABI.c.o' '-c' '-mtune=generic' '-march=x86-64' '-dumpdir' 'CMakeFiles/cmTC_ebf46.dir/CMakeCCompilerABI.c.'
Linking C executable cmTC_ebf46
/usr/bin/cmake -E cmake_link_script CMakeFiles/cmTC_ebf46.dir/link.txt --verbose=1
/usr/bin/x86_64-elf-gcc  -v -rdynamic CMakeFiles/cmTC_ebf46.dir/CMakeCCompilerABI.c.o -o cmTC_ebf46 
Using built-in specs.
COLLECT_GCC=/usr/bin/x86_64-elf-gcc
COLLECT_LTO_WRAPPER=/usr/lib/gcc/x86_64-elf/12.2.0/lto-wrapper
x86_64-elf-gcc: error: unrecognized command-line option '-rdynamic'
Target: x86_64-elf
Configured with: /home/espi/.cache/yay/x86_64-elf-gcc/src/gcc-12.2.0/configure --prefix=/usr --disable-nls --disable-plugin --target=x86_64-elf --libexecdir=/usr/lib --enable-languages=c,c++ --without-headers --with-bugurl=https://aur.archlinux.org/packages/x86_64-elf-gcc/
Thread model: single
Supported LTO compression algorithms: zlib zstd
gcc version 12.2.0 (GCC) 
make[1]: *** [CMakeFiles/cmTC_ebf46.dir/build.make:99: cmTC_ebf46] Error 1
make[1]: Leaving directory '/home/espi/Documents/ROOT/cmake-build-debug/CMakeFiles/CMakeTmp'
make: *** [Makefile:127: cmTC_ebf46/fast] Error 2




Determining if the C compiler works failed with the following output:
Change Dir: /home/espi/Documents/ROOT/cmake-build-debug/CMakeFiles/CMakeTmp

Run Build Command(s):make -f Makefile cmTC_bce6c/fast && make  -f CMakeFiles/cmTC_bce6c.dir/build.make CMakeFiles/cmTC_bce6c.dir/build
make[1]: Entering directory '/home/espi/Documents/ROOT/cmake-build-debug/CMakeFiles/CMakeTmp'
Building C object CMakeFiles/cmTC_bce6c.dir/testCCompiler.c.o
/usr/bin/x86_64-elf-gcc   -fdiagnostics-color=always -o CMakeFiles/cmTC_bce6c.dir/testCCompiler.c.o -c /home/espi/Documents/ROOT/cmake-build-debug/CMakeFiles/CMakeTmp/testCCompiler.c
Linking C executable cmTC_bce6c
/usr/bin/cmake -E cmake_link_script CMakeFiles/cmTC_bce6c.dir/link.txt --verbose=1
/usr/bin/x86_64-elf-gcc -rdynamic CMakeFiles/cmTC_bce6c.dir/testCCompiler.c.o -o cmTC_bce6c 
x86_64-elf-gcc: error: unrecognized command-line option '-rdynamic'
make[1]: *** [CMakeFiles/cmTC_bce6c.dir/build.make:99: cmTC_bce6c] Error 1
make[1]: Leaving directory '/home/espi/Documents/ROOT/cmake-build-debug/CMakeFiles/CMakeTmp'
make: *** [Makefile:127: cmTC_bce6c/fast] Error 2



Compiling the C compiler identification source file "CMakeCCompilerId.c" failed.
Compiler: /usr/bin/x86_64-elf-gcc 
Build flags: 
Id flags:  

The output was:
1
/usr/bin/x86_64-elf-ld: cannot find crt0.o: No such file or directory
/usr/bin/x86_64-elf-ld: cannot find -lc: No such file or directory
collect2: error: ld returned 1 exit status


Detecting C compiler ABI info failed to compile with the following output:
Change Dir: /home/espi/Documents/ROOT/cmake-build-debug/CMakeFiles/CMakeTmp

Run Build Command(s):make -f Makefile cmTC_63102/fast && make  -f CMakeFiles/cmTC_63102.dir/build.make CMakeFiles/cmTC_63102.dir/build
make[1]: Entering directory '/home/espi/Documents/ROOT/cmake-build-debug/CMakeFiles/CMakeTmp'
Building C object CMakeFiles/cmTC_63102.dir/CMakeCCompilerABI.c.o
/usr/bin/x86_64-elf-gcc   -fdiagnostics-color=always   -v -o CMakeFiles/cmTC_63102.dir/CMakeCCompilerABI.c.o -c /usr/share/cmake/Modules/CMakeCCompilerABI.c
Using built-in specs.
COLLECT_GCC=/usr/bin/x86_64-elf-gcc
Target: x86_64-elf
Configured with: /home/espi/.cache/yay/x86_64-elf-gcc/src/gcc-12.2.0/configure --prefix=/usr --disable-nls --disable-plugin --target=x86_64-elf --libexecdir=/usr/lib --enable-languages=c,c++ --without-headers --with-bugurl=https://aur.archlinux.org/packages/x86_64-elf-gcc/
Thread model: single
Supported LTO compression algorithms: zlib zstd
gcc version 12.2.0 (GCC) 
COLLECT_GCC_OPTIONS='-fdiagnostics-color=always' '-v' '-o' 'CMakeFiles/cmTC_63102.dir/CMakeCCompilerABI.c.o' '-c' '-mtune=generic' '-march=x86-64' '-dumpdir' 'CMakeFiles/cmTC_63102.dir/'
 /usr/lib/gcc/x86_64-elf/12.2.0/cc1 -quiet -v /usr/share/cmake/Modules/CMakeCCompilerABI.c -quiet -dumpdir CMakeFiles/cmTC_63102.dir/ -dumpbase CMakeCCompilerABI.c.c -dumpbase-ext .c -mtune=generic -march=x86-64 -version -fdiagnostics-color=always -o /tmp/ccWV82nH.s
GNU C17 (GCC) version 12.2.0 (x86_64-elf)
	compiled by GNU C version 12.2.0, GMP version 6.2.1, MPFR version 4.1.0-p13, MPC version 1.2.1, isl version isl-0.25-GMP

GGC heuristics: --param ggc-min-expand=100 --param ggc-min-heapsize=131072
ignoring nonexistent directory "/usr/lib/gcc/x86_64-elf/12.2.0/../../../../x86_64-elf/sys-include"
ignoring nonexistent directory "/usr/lib/gcc/x86_64-elf/12.2.0/../../../../x86_64-elf/include"
#include "..." search starts here:
#include <...> search starts here:
 /usr/lib/gcc/x86_64-elf/12.2.0/include
 /usr/lib/gcc/x86_64-elf/12.2.0/include-fixed
End of search list.
GNU C17 (GCC) version 12.2.0 (x86_64-elf)
	compiled by GNU C version 12.2.0, GMP version 6.2.1, MPFR version 4.1.0-p13, MPC version 1.2.1, isl version isl-0.25-GMP

GGC heuristics: --param ggc-min-expand=100 --param ggc-min-heapsize=131072
Compiler executable checksum: edc8dacf14c22b12c7ba12199e59c197
COLLECT_GCC_OPTIONS='-fdiagnostics-color=always' '-v' '-o' 'CMakeFiles/cmTC_63102.dir/CMakeCCompilerABI.c.o' '-c' '-mtune=generic' '-march=x86-64' '-dumpdir' 'CMakeFiles/cmTC_63102.dir/'
 as -o CMakeFiles/cmTC_63102.dir/CMakeCCompilerABI.c.o /tmp/ccWV82nH.s
COMPILER_PATH=/usr/lib/gcc/x86_64-elf/12.2.0/:/usr/lib/gcc/x86_64-elf/12.2.0/:/usr/lib/gcc/x86_64-elf/:/usr/lib/gcc/x86_64-elf/12.2.0/:/usr/lib/gcc/x86_64-elf/
LIBRARY_PATH=/usr/lib/gcc/x86_64-elf/12.2.0/
COLLECT_GCC_OPTIONS='-fdiagnostics-color=always' '-v' '-o' 'CMakeFiles/cmTC_63102.dir/CMakeCCompilerABI.c.o' '-c' '-mtune=generic' '-march=x86-64' '-dumpdir' 'CMakeFiles/cmTC_63102.dir/CMakeCCompilerABI.c.'
Linking C executable cmTC_63102
/usr/bin/cmake -E cmake_link_script CMakeFiles/cmTC_63102.dir/link.txt --verbose=1
/usr/bin/x86_64-elf-gcc  -v -rdynamic CMakeFiles/cmTC_63102.dir/CMakeCCompilerABI.c.o -o cmTC_63102 
Using built-in specs.
COLLECT_GCC=/usr/bin/x86_64-elf-gcc
COLLECT_LTO_WRAPPER=/usr/lib/gcc/x86_64-elf/12.2.0/lto-wrapper
x86_64-elf-gcc: error: unrecognized command-line option '-rdynamic'
Target: x86_64-elf
Configured with: /home/espi/.cache/yay/x86_64-elf-gcc/src/gcc-12.2.0/configure --prefix=/usr --disable-nls --disable-plugin --target=x86_64-elf --libexecdir=/usr/lib --enable-languages=c,c++ --without-headers --with-bugurl=https://aur.archlinux.org/packages/x86_64-elf-gcc/
Thread model: single
Supported LTO compression algorithms: zlib zstd
gcc version 12.2.0 (GCC) 
make[1]: *** [CMakeFiles/cmTC_63102.dir/build.make:99: cmTC_63102] Error 1
make[1]: Leaving directory '/home/espi/Documents/ROOT/cmake-build-debug/CMakeFiles/CMakeTmp'
make: *** [Makefile:127: cmTC_63102/fast] Error 2




Determining if the C compiler works failed with the following output:
Change Dir: /home/espi/Documents/ROOT/cmake-build-debug/CMakeFiles/CMakeTmp

Run Build Command(s):make -f Makefile cmTC_1fa9b/fast && make  -f CMakeFiles/cmTC_1fa9b.dir/build.make CMakeFiles/cmTC_1fa9b.dir/build
make[1]: Entering directory '/home/espi/Documents/ROOT/cmake-build-debug/CMakeFiles/CMakeTmp'
Building C object CMakeFiles/cmTC_1fa9b.dir/testCCompiler.c.o
/usr/bin/x86_64-elf-gcc   -fdiagnostics-color=always -o CMakeFiles/cmTC_1fa9b.dir/testCCompiler.c.o -c /home/espi/Documents/ROOT/cmake-build-debug/CMakeFiles/CMakeTmp/testCCompiler.c
Linking C executable cmTC_1fa9b
/usr/bin/cmake -E cmake_link_script CMakeFiles/cmTC_1fa9b.dir/link.txt --verbose=1
/usr/bin/x86_64-elf-gcc -rdynamic CMakeFiles/cmTC_1fa9b.dir/testCCompiler.c.o -o cmTC_1fa9b 
x86_64-elf-gcc: error: unrecognized command-line option '-rdynamic'
make[1]: *** [CMakeFiles/cmTC_1fa9b.dir/build.make:99: cmTC_1fa9b] Error 1
make[1]: Leaving directory '/home/espi/Documents/ROOT/cmake-build-debug/CMakeFiles/CMakeTmp'
make: *** [Makefile:127: cmTC_1fa9b/fast] Error 2



Compiling the C compiler identification source file "CMakeCCompilerId.c" failed.
Compiler: /usr/bin/x86_64-elf-gcc 
Build flags: 
Id flags:  

The output was:
1
/usr/bin/x86_64-elf-ld: cannot find crt0.o: No such file or directory
/usr/bin/x86_64-elf-ld: cannot find -lc: No such file or directory
collect2: error: ld returned 1 exit status


Detecting C compiler ABI info failed to compile with the following output:
Change Dir: /home/espi/Documents/ROOT/cmake-build-debug/CMakeFiles/CMakeTmp

Run Build Command(s):make -f Makefile cmTC_e395d/fast && make  -f CMakeFiles/cmTC_e395d.dir/build.make CMakeFiles/cmTC_e395d.dir/build
make[1]: Entering directory '/home/espi/Documents/ROOT/cmake-build-debug/CMakeFiles/CMakeTmp'
Building C object CMakeFiles/cmTC_e395d.dir/CMakeCCompilerABI.c.o
/usr/bin/x86_64-elf-gcc   -fdiagnostics-color=always   -v -o CMakeFiles/cmTC_e395d.dir/CMakeCCompilerABI.c.o -c /usr/share/cmake/Modules/CMakeCCompilerABI.c
Using built-in specs.
COLLECT_GCC=/usr/bin/x86_64-elf-gcc
Target: x86_64-elf
Configured with: /home/espi/.cache/yay/x86_64-elf-gcc/src/gcc-12.2.0/configure --prefix=/usr --disable-nls --disable-plugin --target=x86_64-elf --libexecdir=/usr/lib --enable-languages=c,c++ --without-headers --with-bugurl=https://aur.archlinux.org/packages/x86_64-elf-gcc/
Thread model: single
Supported LTO compression algorithms: zlib zstd
gcc version 12.2.0 (GCC) 
COLLECT_GCC_OPTIONS='-fdiagnostics-color=always' '-v' '-o' 'CMakeFiles/cmTC_e395d.dir/CMakeCCompilerABI.c.o' '-c' '-mtune=generic' '-march=x86-64' '-dumpdir' 'CMakeFiles/cmTC_e395d.dir/'
 /usr/lib/gcc/x86_64-elf/12.2.0/cc1 -quiet -v /usr/share/cmake/Modules/CMakeCCompilerABI.c -quiet -dumpdir CMakeFiles/cmTC_e395d.dir/ -dumpbase CMakeCCompilerABI.c.c -dumpbase-ext .c -mtune=generic -march=x86-64 -version -fdiagnostics-color=always -o /tmp/cclJIRYU.s
GNU C17 (GCC) version 12.2.0 (x86_64-elf)
	compiled by GNU C version 12.2.0, GMP version 6.2.1, MPFR version 4.1.0-p13, MPC version 1.2.1, isl version isl-0.25-GMP

GGC heuristics: --param ggc-min-expand=100 --param ggc-min-heapsize=131072
ignoring nonexistent directory "/usr/lib/gcc/x86_64-elf/12.2.0/../../../../x86_64-elf/sys-include"
ignoring nonexistent directory "/usr/lib/gcc/x86_64-elf/12.2.0/../../../../x86_64-elf/include"
#include "..." search starts here:
#include <...> search starts here:
 /usr/lib/gcc/x86_64-elf/12.2.0/include
 /usr/lib/gcc/x86_64-elf/12.2.0/include-fixed
End of search list.
GNU C17 (GCC) version 12.2.0 (x86_64-elf)
	compiled by GNU C version 12.2.0, GMP version 6.2.1, MPFR version 4.1.0-p13, MPC version 1.2.1, isl version isl-0.25-GMP

GGC heuristics: --param ggc-min-expand=100 --param ggc-min-heapsize=131072
Compiler executable checksum: edc8dacf14c22b12c7ba12199e59c197
COLLECT_GCC_OPTIONS='-fdiagnostics-color=always' '-v' '-o' 'CMakeFiles/cmTC_e395d.dir/CMakeCCompilerABI.c.o' '-c' '-mtune=generic' '-march=x86-64' '-dumpdir' 'CMakeFiles/cmTC_e395d.dir/'
 as -o CMakeFiles/cmTC_e395d.dir/CMakeCCompilerABI.c.o /tmp/cclJIRYU.s
COMPILER_PATH=/usr/lib/gcc/x86_64-elf/12.2.0/:/usr/lib/gcc/x86_64-elf/12.2.0/:/usr/lib/gcc/x86_64-elf/:/usr/lib/gcc/x86_64-elf/12.2.0/:/usr/lib/gcc/x86_64-elf/
LIBRARY_PATH=/usr/lib/gcc/x86_64-elf/12.2.0/
COLLECT_GCC_OPTIONS='-fdiagnostics-color=always' '-v' '-o' 'CMakeFiles/cmTC_e395d.dir/CMakeCCompilerABI.c.o' '-c' '-mtune=generic' '-march=x86-64' '-dumpdir' 'CMakeFiles/cmTC_e395d.dir/CMakeCCompilerABI.c.'
Linking C executable cmTC_e395d
/usr/bin/cmake -E cmake_link_script CMakeFiles/cmTC_e395d.dir/link.txt --verbose=1
/usr/bin/x86_64-elf-gcc  -v -rdynamic CMakeFiles/cmTC_e395d.dir/CMakeCCompilerABI.c.o -o cmTC_e395d 
Using built-in specs.
COLLECT_GCC=/usr/bin/x86_64-elf-gcc
COLLECT_LTO_WRAPPER=/usr/lib/gcc/x86_64-elf/12.2.0/lto-wrapper
x86_64-elf-gcc: error: unrecognized command-line option '-rdynamic'
Target: x86_64-elf
Configured with: /home/espi/.cache/yay/x86_64-elf-gcc/src/gcc-12.2.0/configure --prefix=/usr --disable-nls --disable-plugin --target=x86_64-elf --libexecdir=/usr/lib --enable-languages=c,c++ --without-headers --with-bugurl=https://aur.archlinux.org/packages/x86_64-elf-gcc/
Thread model: single
Supported LTO compression algorithms: zlib zstd
gcc version 12.2.0 (GCC) 
make[1]: *** [CMakeFiles/cmTC_e395d.dir/build.make:99: cmTC_e395d] Error 1
make[1]: Leaving directory '/home/espi/Documents/ROOT/cmake-build-debug/CMakeFiles/CMakeTmp'
make: *** [Makefile:127: cmTC_e395d/fast] Error 2




Determining if the C compiler works failed with the following output:
Change Dir: /home/espi/Documents/ROOT/cmake-build-debug/CMakeFiles/CMakeTmp

Run Build Command(s):make -f Makefile cmTC_0ae55/fast && make  -f CMakeFiles/cmTC_0ae55.dir/build.make CMakeFiles/cmTC_0ae55.dir/build
make[1]: Entering directory '/home/espi/Documents/ROOT/cmake-build-debug/CMakeFiles/CMakeTmp'
Building C object CMakeFiles/cmTC_0ae55.dir/testCCompiler.c.o
/usr/bin/x86_64-elf-gcc   -fdiagnostics-color=always -o CMakeFiles/cmTC_0ae55.dir/testCCompiler.c.o -c /home/espi/Documents/ROOT/cmake-build-debug/CMakeFiles/CMakeTmp/testCCompiler.c
Linking C executable cmTC_0ae55
/usr/bin/cmake -E cmake_link_script CMakeFiles/cmTC_0ae55.dir/link.txt --verbose=1
/usr/bin/x86_64-elf-gcc -rdynamic CMakeFiles/cmTC_0ae55.dir/testCCompiler.c.o -o cmTC_0ae55 
x86_64-elf-gcc: error: unrecognized command-line option '-rdynamic'
make[1]: *** [CMakeFiles/cmTC_0ae55.dir/build.make:99: cmTC_0ae55] Error 1
make[1]: Leaving directory '/home/espi/Documents/ROOT/cmake-build-debug/CMakeFiles/CMakeTmp'
make: *** [Makefile:127: cmTC_0ae55/fast] Error 2



